<?xml version="1.0" encoding="UTF-8"?>
<!-- Generated by org.testng.reporters.JUnitReportReporter -->
<testsuite hostname="MONSTER-IDEAPAD5" failures="0" tests="2" name="com.ninza.hrm.api.projectTest.ProjectTestwithBaseclass" time="3.383" errors="0" timestamp="2024-07-16T15:19:39 IST" skipped="0">
  <testcase classname="com.ninza.hrm.api.projectTest.ProjectTestwithBaseclass" name="addSingleProjectWithCreated" time="3.308"/>
  <testcase classname="com.ninza.hrm.api.projectTest.ProjectTestwithBaseclass" name="addDuplicateProject" time="0.075"/>
</testsuite> <!-- com.ninza.hrm.api.projectTest.ProjectTestwithBaseclass -->
