<?xml version="1.0" encoding="UTF-8"?>
<!-- Generated by org.testng.reporters.JUnitReportReporter -->
<testsuite hostname="MONSTER-IDEAPAD5" failures="0" tests="1" name="com.ninza.hrm.api.EmployeeTest.EmployeeTest" time="0.565" errors="0" timestamp="2024-07-16T15:19:39 IST" skipped="0">
  <testcase classname="com.ninza.hrm.api.EmployeeTest.EmployeeTest" name="addEmploye" time="0.565"/>
</testsuite> <!-- com.ninza.hrm.api.EmployeeTest.EmployeeTest -->
