<?xml version="1.0" encoding="UTF-8"?>
<!-- Generated by org.testng.reporters.JUnitReportReporter -->
<testsuite hostname="MONSTER-IDEAPAD5" failures="0" tests="2" name="com.ninza.hrm.api.projectTest.ProjectTest" time="3.706" errors="0" timestamp="2024-07-16T13:03:25 IST" skipped="0">
  <testcase classname="com.ninza.hrm.api.projectTest.ProjectTest" name="addSingleProjectWithCreated" time="3.628"/>
  <testcase classname="com.ninza.hrm.api.projectTest.ProjectTest" name="addDuplicateProject" time="0.078"/>
</testsuite> <!-- com.ninza.hrm.api.projectTest.ProjectTest -->
