<?xml version="1.0" encoding="UTF-8"?>
<!-- Generated by org.testng.reporters.JUnitReportReporter -->
<testsuite hostname="MONSTER-IDEAPAD5" failures="0" tests="1" name="com.ninza.hrm.api.EmployeeTest.EmployeeTestWithOutEmail" time="2.839" errors="0" timestamp="2024-07-15T15:10:21 IST" skipped="0">
  <testcase classname="com.ninza.hrm.api.EmployeeTest.EmployeeTestWithOutEmail" name="addEmploye" time="2.839"/>
</testsuite> <!-- com.ninza.hrm.api.EmployeeTest.EmployeeTestWithOutEmail -->
